<?xml version="1.0" encoding="UTF-8"?>
<!-- Generated by org.testng.reporters.JUnitReportReporter -->
<testsuite hostname="QT-INBG-LT0520" failures="0" tests="1" name="test.Searching" time="6.386" errors="0" timestamp="2022-05-30T15:44:10 IST" skipped="0">
  <testcase classname="test.Searching" name="Amazon" time="6.386"/>
  <system-out/>
</testsuite> <!-- test.Searching -->
