<?xml version="1.0" encoding="UTF-8"?>
<!-- Generated by org.testng.reporters.JUnitReportReporter -->
<testsuite hostname="QT-INBG-LT0520" failures="0" tests="1" name="test.AmazonPrimeVideo" time="7.003" errors="0" timestamp="2022-06-01T14:40:11 IST" skipped="0">
  <testcase classname="test.AmazonPrimeVideo" name="Amazon" time="7.003"/>
  <system-out/>
</testsuite> <!-- test.AmazonPrimeVideo -->
