<?xml version="1.0" encoding="UTF-8"?>
<!-- Generated by org.testng.reporters.JUnitReportReporter -->
<testsuite hostname="QT-INBG-LT0520" failures="0" tests="1" name="test.Searching" time="5.879" errors="0" timestamp="2022-06-01T14:40:11 IST" skipped="0">
  <testcase classname="test.Searching" name="Amazon" time="5.879"/>
  <system-out/>
</testsuite> <!-- test.Searching -->
