<?xml version="1.0" encoding="UTF-8"?>
<!-- Generated by org.testng.reporters.JUnitReportReporter -->
<testsuite hostname="QT-INBG-LT0520" failures="0" tests="1" name="test.AmazonPrimeVideo" time="6.927" errors="0" timestamp="2022-05-30T15:44:10 IST" skipped="0">
  <testcase classname="test.AmazonPrimeVideo" name="Amazon" time="6.927"/>
  <system-out/>
</testsuite> <!-- test.AmazonPrimeVideo -->
